<?xml version="1.0" encoding="UTF-8"?>
<testng-results skipped="0" failed="0" ignored="0" total="2" passed="2">
  <reporter-output>
  </reporter-output>
  <suite name="Default suite" duration-ms="43" started-at="2021-09-21T09:22:51 CDT" finished-at="2021-09-21T09:22:51 CDT">
    <groups>
    </groups>
    <test name="Default test" duration-ms="43" started-at="2021-09-21T09:22:51 CDT" finished-at="2021-09-21T09:22:51 CDT">
      <class name="demo.FactoryAnnotationDemo$TestClass">
        <test-method status="PASS" signature="TestMethod()[pri:0, instance:demo.FactoryAnnotationDemo$TestClass@59906517, instance params:[]]" name="TestMethod" duration-ms="8" started-at="2021-09-21T09:22:51 CDT" finished-at="2021-09-21T09:22:51 CDT">
          <reporter-output>
          </reporter-output>
        </test-method> <!-- TestMethod -->
        <test-method status="PASS" signature="TestMethod()[pri:0, instance:demo.FactoryAnnotationDemo$TestClass@cb51256, instance params:[]]" name="TestMethod" duration-ms="1" started-at="2021-09-21T09:22:51 CDT" finished-at="2021-09-21T09:22:51 CDT">
          <reporter-output>
          </reporter-output>
        </test-method> <!-- TestMethod -->
      </class> <!-- demo.FactoryAnnotationDemo$TestClass -->
    </test> <!-- Default test -->
  </suite> <!-- Default suite -->
</testng-results>
