<?xml version="1.0" encoding="UTF-8"?>
<!-- Generated by org.testng.reporters.JUnitXMLReporter -->
<testsuite hostname="DESKTOP-M9HHM5I" ignored="0" name="Test" tests="4" failures="0" timestamp="2021-02-27T14:40:33 CST" time="0.057" errors="0">
  <testcase name="test1" time="0.009" classname="demo.TestNGGroupsDemo"/>
  <testcase name="test2" time="0.001" classname="demo.TestNGGroupsDemo"/>
  <testcase name="test3" time="0.001" classname="demo.TestNGGroupsDemo"/>
  <testcase name="test4" time="0.001" classname="demo.TestNGGroupsDemo"/>
</testsuite> <!-- Test -->
